carrep-native/android/app/build/intermediates/manifest_merge_blame_file/debug/processDebugMainManifest/manifest-merger-blame-debug-report.txt
1<?xml version="1.0" encoding="utf-8"?>
2<manifest xmlns:android="http://schemas.android.com/apk/res/android"
3    package="com.example.livetv"
4    android:versionCode="2"
5    android:versionName="1.1" >
6
7    <uses-sdk
8        android:minSdkVersion="24"
9        android:targetSdkVersion="35" />
10
11    <!-- 패키지 쿼리 허용 선언 (Android 11+ 앱 실행 감지 대응) -->
12    <queries>
12-->src\main\AndroidManifest.xml:5:5-14:15
13
14        <!-- 넷플릭스 앱 실행용 선언 -->
15        <package android:name="com.netflix.mediaclient" />
15-->src\main\AndroidManifest.xml:7:9-59
15-->src\main\AndroidManifest.xml:7:18-56
16        <!-- 인텐트 스키마 매핑용 선언 -->
17        <intent>
17-->src\main\AndroidManifest.xml:9:9-13:18
18            <action android:name="android.intent.action.VIEW" />
18-->src\main\AndroidManifest.xml:10:13-65
18-->src\main\AndroidManifest.xml:10:21-62
19
20            <category android:name="android.intent.category.BROWSABLE" />
20-->src\main\AndroidManifest.xml:11:13-74
20-->src\main\AndroidManifest.xml:11:23-71
21
22            <data android:scheme="nflx" />
22-->src\main\AndroidManifest.xml:12:13-43
22-->src\main\AndroidManifest.xml:12:19-40
23        </intent>
24    </queries>
25
26    <!-- TV / 빔프로젝터에서 터치스크린 없이도 실행 가능하도록 선언 -->
27    <uses-feature
27-->src\main\AndroidManifest.xml:17:5-90
28        android:name="android.hardware.touchscreen"
28-->src\main\AndroidManifest.xml:17:19-62
29        android:required="false" />
29-->src\main\AndroidManifest.xml:17:63-87
30    <uses-feature
30-->src\main\AndroidManifest.xml:18:5-83
31        android:name="android.hardware.wifi"
31-->src\main\AndroidManifest.xml:18:19-55
32        android:required="false" />
32-->src\main\AndroidManifest.xml:18:56-80
33    <!-- TV 지원 선언 -->
34    <uses-feature
34-->src\main\AndroidManifest.xml:20:5-87
35        android:name="android.software.leanback"
35-->src\main\AndroidManifest.xml:20:19-59
36        android:required="false" />
36-->src\main\AndroidManifest.xml:20:60-84
37
38    <!-- Permissions -->
39    <uses-permission android:name="android.permission.INTERNET" />
39-->src\main\AndroidManifest.xml:73:5-67
39-->src\main\AndroidManifest.xml:73:22-64
40    <uses-permission android:name="android.permission.ACCESS_NETWORK_STATE" />
40-->src\main\AndroidManifest.xml:74:5-79
40-->src\main\AndroidManifest.xml:74:22-76
41    <uses-permission android:name="android.permission.ACCESS_WIFI_STATE" />
41-->src\main\AndroidManifest.xml:75:5-76
41-->src\main\AndroidManifest.xml:75:22-73
42    <uses-permission android:name="android.permission.FOREGROUND_SERVICE" />
42-->src\main\AndroidManifest.xml:76:5-77
42-->src\main\AndroidManifest.xml:76:22-74
43    <uses-permission android:name="android.permission.FOREGROUND_SERVICE_MEDIA_PLAYBACK" />
43-->src\main\AndroidManifest.xml:77:5-92
43-->src\main\AndroidManifest.xml:77:22-89
44    <uses-permission android:name="android.permission.POST_NOTIFICATIONS" />
44-->src\main\AndroidManifest.xml:78:5-77
44-->src\main\AndroidManifest.xml:78:22-74
45    <uses-permission android:name="android.permission.WAKE_LOCK" />
45-->src\main\AndroidManifest.xml:79:5-68
45-->src\main\AndroidManifest.xml:79:22-65
46
47    <permission
47-->[androidx.core:core:1.13.1] AndroidManifest.xml:22:5-24:47
48        android:name="com.example.livetv.DYNAMIC_RECEIVER_NOT_EXPORTED_PERMISSION"
48-->[androidx.core:core:1.13.1] AndroidManifest.xml:23:9-81
49        android:protectionLevel="signature" />
49-->[androidx.core:core:1.13.1] AndroidManifest.xml:24:9-44
50
51    <uses-permission android:name="com.example.livetv.DYNAMIC_RECEIVER_NOT_EXPORTED_PERMISSION" />
51-->[androidx.core:core:1.13.1] AndroidManifest.xml:26:5-97
51-->[androidx.core:core:1.13.1] AndroidManifest.xml:26:22-94
52
53    <application
53-->src\main\AndroidManifest.xml:22:5-70:19
54        android:allowBackup="true"
54-->src\main\AndroidManifest.xml:23:9-35
55        android:appComponentFactory="androidx.core.app.CoreComponentFactory"
55-->[androidx.core:core:1.13.1] AndroidManifest.xml:28:18-86
56        android:debuggable="true"
57        android:extractNativeLibs="false"
58        android:hardwareAccelerated="true"
58-->src\main\AndroidManifest.xml:24:9-43
59        android:icon="@mipmap/ic_launcher"
59-->src\main\AndroidManifest.xml:25:9-43
60        android:label="@string/app_name"
60-->src\main\AndroidManifest.xml:26:9-41
61        android:roundIcon="@mipmap/ic_launcher_round"
61-->src\main\AndroidManifest.xml:27:9-54
62        android:supportsRtl="true"
62-->src\main\AndroidManifest.xml:28:9-35
63        android:theme="@style/AppTheme"
63-->src\main\AndroidManifest.xml:29:9-40
64        android:usesCleartextTraffic="true" >
64-->src\main\AndroidManifest.xml:30:9-44
65        <activity
65-->src\main\AndroidManifest.xml:32:9-55:20
66            android:name="com.example.livetv.MainActivity"
66-->src\main\AndroidManifest.xml:34:13-41
67            android:configChanges="orientation|keyboardHidden|keyboard|screenSize|locale|smallestScreenSize|screenLayout|uiMode|navigation|density"
67-->src\main\AndroidManifest.xml:33:13-148
68            android:exported="true"
68-->src\main\AndroidManifest.xml:41:13-36
69            android:hardwareAccelerated="true"
69-->src\main\AndroidManifest.xml:39:13-47
70            android:label="@string/title_activity_main"
70-->src\main\AndroidManifest.xml:35:13-56
71            android:launchMode="singleTask"
71-->src\main\AndroidManifest.xml:37:13-44
72            android:screenOrientation="sensor"
72-->src\main\AndroidManifest.xml:38:13-47
73            android:supportsPictureInPicture="true"
73-->src\main\AndroidManifest.xml:40:13-52
74            android:theme="@style/AppTheme.NoActionBarLaunch" >
74-->src\main\AndroidManifest.xml:36:13-62
75
76            <!-- 일반 앱 런처 -->
77            <intent-filter>
77-->src\main\AndroidManifest.xml:44:13-47:29
78                <action android:name="android.intent.action.MAIN" />
78-->src\main\AndroidManifest.xml:45:17-69
78-->src\main\AndroidManifest.xml:45:25-66
79
80                <category android:name="android.intent.category.LAUNCHER" />
80-->src\main\AndroidManifest.xml:46:17-77
80-->src\main\AndroidManifest.xml:46:27-74
81            </intent-filter>
82
83            <!-- TV / 빔프로젝터 LEANBACK 런처 (스마트TV 앱 목록에 표시) -->
84            <intent-filter>
84-->src\main\AndroidManifest.xml:50:13-53:29
85                <action android:name="android.intent.action.MAIN" />
85-->src\main\AndroidManifest.xml:45:17-69
85-->src\main\AndroidManifest.xml:45:25-66
86
87                <category android:name="android.intent.category.LEANBACK_LAUNCHER" />
87-->src\main\AndroidManifest.xml:52:17-86
87-->src\main\AndroidManifest.xml:52:27-83
88            </intent-filter>
89        </activity>
90
91        <provider
92            android:name="androidx.core.content.FileProvider"
92-->src\main\AndroidManifest.xml:58:13-62
93            android:authorities="com.example.livetv.fileprovider"
93-->src\main\AndroidManifest.xml:59:13-64
94            android:exported="false"
94-->src\main\AndroidManifest.xml:60:13-37
95            android:grantUriPermissions="true" >
95-->src\main\AndroidManifest.xml:61:13-47
96            <meta-data
96-->src\main\AndroidManifest.xml:62:13-64:64
97                android:name="android.support.FILE_PROVIDER_PATHS"
97-->src\main\AndroidManifest.xml:63:17-67
98                android:resource="@xml/file_paths" />
98-->src\main\AndroidManifest.xml:64:17-51
99        </provider>
100
101        <service
101-->src\main\AndroidManifest.xml:66:9-69:61
102            android:name="com.example.livetv.BackgroundAudioService"
102-->src\main\AndroidManifest.xml:67:13-51
103            android:exported="false"
103-->src\main\AndroidManifest.xml:68:13-37
104            android:foregroundServiceType="mediaPlayback" />
104-->src\main\AndroidManifest.xml:69:13-58
105
106        <provider
106-->[androidx.emoji2:emoji2:1.3.0] AndroidManifest.xml:24:9-32:20
107            android:name="androidx.startup.InitializationProvider"
107-->[androidx.emoji2:emoji2:1.3.0] AndroidManifest.xml:25:13-67
108            android:authorities="com.example.livetv.androidx-startup"
108-->[androidx.emoji2:emoji2:1.3.0] AndroidManifest.xml:26:13-68
109            android:exported="false" >
109-->[androidx.emoji2:emoji2:1.3.0] AndroidManifest.xml:27:13-37
110            <meta-data
110-->[androidx.emoji2:emoji2:1.3.0] AndroidManifest.xml:29:13-31:52
111                android:name="androidx.emoji2.text.EmojiCompatInitializer"
111-->[androidx.emoji2:emoji2:1.3.0] AndroidManifest.xml:30:17-75
112                android:value="androidx.startup" />
112-->[androidx.emoji2:emoji2:1.3.0] AndroidManifest.xml:31:17-49
113            <meta-data
113-->[androidx.lifecycle:lifecycle-process:2.6.2] AndroidManifest.xml:29:13-31:52
114                android:name="androidx.lifecycle.ProcessLifecycleInitializer"
114-->[androidx.lifecycle:lifecycle-process:2.6.2] AndroidManifest.xml:30:17-78
115                android:value="androidx.startup" />
115-->[androidx.lifecycle:lifecycle-process:2.6.2] AndroidManifest.xml:31:17-49
116            <meta-data
116-->[androidx.profileinstaller:profileinstaller:1.3.1] AndroidManifest.xml:29:13-31:52
117                android:name="androidx.profileinstaller.ProfileInstallerInitializer"
117-->[androidx.profileinstaller:profileinstaller:1.3.1] AndroidManifest.xml:30:17-85
118                android:value="androidx.startup" />
118-->[androidx.profileinstaller:profileinstaller:1.3.1] AndroidManifest.xml:31:17-49
119        </provider>
120
121        <receiver
121-->[androidx.profileinstaller:profileinstaller:1.3.1] AndroidManifest.xml:34:9-52:20
122            android:name="androidx.profileinstaller.ProfileInstallReceiver"
122-->[androidx.profileinstaller:profileinstaller:1.3.1] AndroidManifest.xml:35:13-76
123            android:directBootAware="false"
123-->[androidx.profileinstaller:profileinstaller:1.3.1] AndroidManifest.xml:36:13-44
124            android:enabled="true"
124-->[androidx.profileinstaller:profileinstaller:1.3.1] AndroidManifest.xml:37:13-35
125            android:exported="true"
125-->[androidx.profileinstaller:profileinstaller:1.3.1] AndroidManifest.xml:38:13-36
126            android:permission="android.permission.DUMP" >
126-->[androidx.profileinstaller:profileinstaller:1.3.1] AndroidManifest.xml:39:13-57
127            <intent-filter>
127-->[androidx.profileinstaller:profileinstaller:1.3.1] AndroidManifest.xml:40:13-42:29
128                <action android:name="androidx.profileinstaller.action.INSTALL_PROFILE" />
128-->[androidx.profileinstaller:profileinstaller:1.3.1] AndroidManifest.xml:41:17-91
128-->[androidx.profileinstaller:profileinstaller:1.3.1] AndroidManifest.xml:41:25-88
129            </intent-filter>
130            <intent-filter>
130-->[androidx.profileinstaller:profileinstaller:1.3.1] AndroidManifest.xml:43:13-45:29
131                <action android:name="androidx.profileinstaller.action.SKIP_FILE" />
131-->[androidx.profileinstaller:profileinstaller:1.3.1] AndroidManifest.xml:44:17-85
131-->[androidx.profileinstaller:profileinstaller:1.3.1] AndroidManifest.xml:44:25-82
132            </intent-filter>
133            <intent-filter>
133-->[androidx.profileinstaller:profileinstaller:1.3.1] AndroidManifest.xml:46:13-48:29
134                <action android:name="androidx.profileinstaller.action.SAVE_PROFILE" />
134-->[androidx.profileinstaller:profileinstaller:1.3.1] AndroidManifest.xml:47:17-88
134-->[androidx.profileinstaller:profileinstaller:1.3.1] AndroidManifest.xml:47:25-85
135            </intent-filter>
136            <intent-filter>
136-->[androidx.profileinstaller:profileinstaller:1.3.1] AndroidManifest.xml:49:13-51:29
137                <action android:name="androidx.profileinstaller.action.BENCHMARK_OPERATION" />
137-->[androidx.profileinstaller:profileinstaller:1.3.1] AndroidManifest.xml:50:17-95
137-->[androidx.profileinstaller:profileinstaller:1.3.1] AndroidManifest.xml:50:25-92
138            </intent-filter>
139        </receiver>
140    </application>
141
142</manifest>